<?xml version="1.0" encoding="UTF-8"?>
<!-- Generated by org.testng.reporters.JUnitReportReporter -->
<testsuite hostname="DESKTOP-28CLGRH" failures="0" tests="1" name="Generalstore_test.Formpage_test" time="8.207" errors="0" timestamp="2023-11-30T12:15:00 IST" skipped="0">
  <testcase classname="Generalstore_test.Formpage_test" name="form" time="8.207"/>
  <system-out/>
</testsuite> <!-- Generalstore_test.Formpage_test -->
